<?xml version="1.0" encoding="UTF-8"?>
<!-- Generated by org.testng.reporters.JUnitXMLReporter -->
<testsuite ignored="1" hostname="USBLRRAGHVR1" failures="1" tests="2" name="Error Validation Test" time="94.289" errors="0" timestamp="2023-03-12T19:31:37 IST">
  <testcase classname="rahulshettyacademy.SeleniumFrameworkDesign.ErrorValidationTest" name="loginErrorTest" time="1.379">
    <skipped/>
  </testcase> <!-- loginErrorTest -->
  <testcase classname="rahulshettyacademy.SeleniumFrameworkDesign.ErrorValidationTest" name="loginErrorTest" time="0.985">
    <failure type="java.lang.AssertionError" message="expected [Incorrect email or password.] but found [Incorrect email  password.]">
      <![CDATA[java.lang.AssertionError: expected [Incorrect email or password.] but found [Incorrect email  password.]
at rahulshettyacademy.SeleniumFrameworkDesign.ErrorValidationTest.loginErrorTest(ErrorValidationTest.java:25)
at java.base/java.util.ArrayList.forEach(ArrayList.java:1511)
... Removed 33 stack frames]]>
    </failure>
  </testcase> <!-- loginErrorTest -->
  <testcase classname="rahulshettyacademy.SeleniumFrameworkDesign.ErrorValidationTest" name="productErrorValidationTest" time="0.0">
    <ignored/>
  </testcase> <!-- productErrorValidationTest -->
</testsuite> <!-- Error Validation Test -->
